<?xml version="1.0" encoding="UTF-8"?>
<!-- Generated by org.testng.reporters.JUnitReportReporter -->
<testsuite hostname="LAPTOP-70PFIIMI" failures="0" tests="1" name="com.tests.LoginTest" time="5.619" errors="0" timestamp="2025-03-18T19:44:39 IST" skipped="0">
  <testcase classname="com.tests.LoginTest" name="validLoginTest" time="5.619"/>
</testsuite> <!-- com.tests.LoginTest -->
