<?xml version="1.0" encoding="UTF-8"?>
<!-- Generated by org.testng.reporters.JUnitReportReporter -->
<testsuite hostname="LAPTOP-70PFIIMI" failures="0" tests="1" name="com.tests.LoginTest" time="3.408" errors="0" timestamp="2025-03-19T19:37:02 IST" skipped="0">
  <testcase classname="com.tests.LoginTest" name="validLoginTest" time="3.408"/>
</testsuite> <!-- com.tests.LoginTest -->
