<?xml version="1.0" encoding="UTF-8"?>
<!-- Generated by org.testng.reporters.JUnitReportReporter -->
<testsuite hostname="LAPTOP-70PFIIMI" failures="0" tests="1" name="com.tests.LoginTest" time="7.089" errors="0" timestamp="2025-03-19T19:18:44 IST" skipped="0">
  <testcase classname="com.tests.LoginTest" name="validLoginTest" time="7.089"/>
</testsuite> <!-- com.tests.LoginTest -->
