<?xml version="1.0" encoding="UTF-8"?>
<!-- Generated by org.testng.reporters.JUnitReportReporter -->
<testsuite hostname="LAPTOP-70PFIIMI" failures="0" tests="2" name="com.tests.LoginTest" time="7.369" errors="0" timestamp="2025-03-19T20:05:13 IST" skipped="0">
  <testcase classname="com.tests.LoginTest" name="validLoginTest" time="4.472"/>
  <testcase classname="com.tests.LoginTest" name="logintest" time="2.897"/>
</testsuite> <!-- com.tests.LoginTest -->
