<?xml version="1.0" encoding="UTF-8"?>
<!-- Generated by org.testng.reporters.JUnitReportReporter -->
<testsuite hostname="LAPTOP-70PFIIMI" failures="0" tests="1" name="com.tests.ProductTest" time="4.064" errors="0" timestamp="2025-03-19T19:18:44 IST" skipped="0">
  <testcase classname="com.tests.ProductTest" name="addProductToCartTest" time="4.064"/>
</testsuite> <!-- com.tests.ProductTest -->
